#
# There is insufficient memory for the Java Runtime Environment to continue.
# Native memory allocation (mmap) failed to map 123731968 bytes. Error detail: G1 virtual space
# Possible reasons:
#   The system is out of physical RAM or swap space
#   This process is running with CompressedOops enabled, and the Java Heap may be blocking the growth of the native heap
# Possible solutions:
#   Reduce memory load on the system
#   Increase physical memory or swap space
#   Check if swap backing store is full
#   Decrease Java heap size (-Xmx/-Xms)
#   Decrease number of Java threads
#   Decrease Java thread stack sizes (-Xss)
#   Set larger code cache with -XX:ReservedCodeCacheSize=
#   JVM is running with Unscaled Compressed Oops mode in which the Java heap is
#     placed in the first 4GB address space. The Java Heap base address is the
#     maximum limit for the native heap growth. Please use -XX:HeapBaseMinAddress
#     to set the Java Heap base and to place the Java Heap above 4GB virtual address.
# This output file may be truncated or incomplete.
#
#  Out of Memory Error (os_windows.cpp:3713), pid=11928, tid=27108
#
# JRE version:  (21.0.9+10) (build )
# Java VM: OpenJDK 64-Bit Server VM (21.0.9+10-LTS, mixed mode, sharing, tiered, compressed oops, compressed class ptrs, g1 gc, windows-amd64)
# No core dump will be written. Minidumps are not enabled by default on client versions of Windows
#

---------------  S U M M A R Y ------------

Command Line: -XX:+ShowCodeDetailsInExceptionMessages -agentlib:jdwp=transport=dt_socket,suspend=y,address=localhost:60170 -javaagent:C:\Program Files\eclipse-java-2025-12-R-win32-x86_64\eclipse\configuration\org.eclipse.osgi\258\0\.cp\lib\javaagent-shaded.jar -Dfile.encoding=UTF-8 -Dstdout.encoding=UTF-8 -Dstderr.encoding=UTF-8 --module-path=C:\Users\WILLIAM MONZON\OneDrive\Desktop\Proyecto Progra 1\Biblioteca2\bin -Djdk.module.main=Biblioteca2 Biblioteca2/main.Main

Host: AMD Ryzen 5 8645HS w/ Radeon 760M Graphics, 12 cores, 7G,  Windows 11 , 64 bit Build 26100 (10.0.26100.8328)
Time: Tue May 19 18:00:18 2026 Hora est嫕dar, Am廨ica Central elapsed time: 1.133473 seconds (0d 0h 0m 1s)

---------------  T H R E A D  ---------------

Current thread (0x0000022295ebe3e0):  JavaThread "Unknown thread" [_thread_in_vm, id=27108, stack(0x000000cd4a600000,0x000000cd4a700000) (1024K)]

Stack: [0x000000cd4a600000,0x000000cd4a700000]
Native frames: (J=compiled Java code, j=interpreted, Vv=VM code, C=native code)
V  [jvm.dll+0x6d6e29]
V  [jvm.dll+0x8b4b76]
V  [jvm.dll+0x8b712e]
V  [jvm.dll+0x8b7813]
V  [jvm.dll+0x283d86]
V  [jvm.dll+0x6d3745]
V  [jvm.dll+0x6c747a]
V  [jvm.dll+0x35e7e8]
V  [jvm.dll+0x366426]
V  [jvm.dll+0x3b73fe]
V  [jvm.dll+0x3b76a8]
V  [jvm.dll+0x3329ec]
V  [jvm.dll+0x33353b]
V  [jvm.dll+0x87deeb]
V  [jvm.dll+0x3c4381]
V  [jvm.dll+0x867135]
V  [jvm.dll+0x457391]
V  [jvm.dll+0x458f81]
C  [jli.dll+0x52d0]
C  [ucrtbase.dll+0x37b0]
C  [KERNEL32.DLL+0x2e957]
C  [ntdll.dll+0x427c]


---------------  P R O C E S S  ---------------

Threads class SMR info:
_java_thread_list=0x00007ffce4e291c8, length=0, elements={
}

Java Threads: ( => current thread )
Total: 0

Other Threads:
  0x000002229308e8e0 WorkerThread "GC Thread#0"                     [id=3520, stack(0x000000cd4a700000,0x000000cd4a800000) (1024K)]
  0x0000022295f1e2d0 ConcurrentGCThread "G1 Main Marker"            [id=28768, stack(0x000000cd4a800000,0x000000cd4a900000) (1024K)]
  0x0000022295f20040 WorkerThread "G1 Conc#0"                       [id=6308, stack(0x000000cd4a900000,0x000000cd4aa00000) (1024K)]

[error occurred during error reporting (printing all threads), id 0xc0000005, EXCEPTION_ACCESS_VIOLATION (0xc0000005) at pc=0x00007ffce45250d7]
VM state: not at safepoint (not fully initialized)

VM Mutex/Monitor currently owned by a thread:  ([mutex/lock_event])
[0x00007ffce4e9d670] Heap_lock - owner thread: 0x0000022295ebe3e0

Heap address: 0x000000008bc00000, size: 1860 MB, Compressed Oops mode: 32-bit

CDS archive(s) mapped at: [0x0000000000000000-0x0000000000000000-0x0000000000000000), size 0, SharedBaseAddress: 0x0000000800000000, ArchiveRelocationMode: 1.
Narrow klass base: 0x0000000000000000, Narrow klass shift: 0, Narrow klass range: 0x0

GC Precious Log:
 CardTable entry size: 512
 Card Set container configuration: InlinePtr #cards 5 size 8 Array Of Cards #cards 12 size 40 Howl #buckets 4 coarsen threshold 1843 Howl Bitmap #cards 512 size 80 coarsen threshold 460 Card regions per heap region 1 cards per card region 2048

Heap:
 garbage-first heap   total 0K, used 0K [0x000000008bc00000, 0x0000000100000000)
  region size 1024K, 0 young (0K), 0 survivors (0K)

[error occurred during error reporting (printing heap information), id 0xc0000005, EXCEPTION_ACCESS_VIOLATION (0xc0000005) at pc=0x00007ffce49107a9]
GC Heap History (0 events):
No events

Dll operation events (1 events):
Event: 0.030 Loaded shared library C:\Program Files\eclipse-java-2025-12-R-win32-x86_64\eclipse\plugins\org.eclipse.justj.openjdk.hotspot.jre.full.win32.x86_64_21.0.9.v20251105-0741\jre\bin\java.dll

Deoptimization events (0 events):
No events

Classes loaded (0 events):
No events

Classes unloaded (0 events):
No events

Classes redefined (0 events):
No events

Internal exceptions (0 events):
No events

ZGC Phase Switch (0 events):
No events

VM Operations (0 events):
No events

Memory protections (0 events):
No events

Nmethod flushes (0 events):
No events

Events (0 events):
No events


Dynamic libraries:
0x00007ff6471f0000 - 0x00007ff6471fe000 	C:\Program Files\eclipse-java-2025-12-R-win32-x86_64\eclipse\plugins\org.eclipse.justj.openjdk.hotspot.jre.full.win32.x86_64_21.0.9.v20251105-0741\jre\bin\javaw.exe
0x00007ffdb3460000 - 0x00007ffdb36c7000 	C:\WINDOWS\SYSTEM32\ntdll.dll
0x00007ffdb1f30000 - 0x00007ffdb1ff9000 	C:\WINDOWS\System32\KERNEL32.DLL
0x00007ffdaffe0000 - 0x00007ffdb03d7000 	C:\WINDOWS\System32\KERNELBASE.dll
0x00007ffd1d000000 - 0x00007ffd1d0db000 	C:\Program Files\Bitdefender\Bitdefender Security\bdhkm\dlls_268331759110883735\bdhkm64.dll
0x00007ffd1ce20000 - 0x00007ffd1cffc000 	C:\Program Files\Bitdefender\Bitdefender Security\atcuf\dlls_268331759015134176\atcuf64.dll
0x00007ffdafe90000 - 0x00007ffdaffdb000 	C:\WINDOWS\System32\ucrtbase.dll
0x00007ffda99e0000 - 0x00007ffda99f8000 	C:\Program Files\eclipse-java-2025-12-R-win32-x86_64\eclipse\plugins\org.eclipse.justj.openjdk.hotspot.jre.full.win32.x86_64_21.0.9.v20251105-0741\jre\bin\jli.dll
0x00007ffdb22c0000 - 0x00007ffdb2486000 	C:\WINDOWS\System32\USER32.dll
0x00007ffdb0d10000 - 0x00007ffdb0d37000 	C:\WINDOWS\System32\win32u.dll
0x00007ffdb1f00000 - 0x00007ffdb1f2b000 	C:\WINDOWS\System32\GDI32.dll
0x00007ffdb10b0000 - 0x00007ffdb11dc000 	C:\WINDOWS\System32\gdi32full.dll
0x00007ffdb0d40000 - 0x00007ffdb0de3000 	C:\WINDOWS\System32\msvcp_win.dll
0x00007ffd8c050000 - 0x00007ffd8c06e000 	C:\Program Files\eclipse-java-2025-12-R-win32-x86_64\eclipse\plugins\org.eclipse.justj.openjdk.hotspot.jre.full.win32.x86_64_21.0.9.v20251105-0741\jre\bin\VCRUNTIME140.dll
0x00007ffd92010000 - 0x00007ffd922a2000 	C:\WINDOWS\WinSxS\amd64_microsoft.windows.common-controls_6595b64144ccf1df_6.0.26100.8457_none_3e0b2faee331e92d\COMCTL32.dll
0x00007ffdb2e80000 - 0x00007ffdb2f29000 	C:\WINDOWS\System32\msvcrt.dll
0x00007ffdb2d20000 - 0x00007ffdb2d52000 	C:\WINDOWS\System32\IMM32.DLL
0x00007ffd96290000 - 0x00007ffd9629c000 	C:\Program Files\eclipse-java-2025-12-R-win32-x86_64\eclipse\plugins\org.eclipse.justj.openjdk.hotspot.jre.full.win32.x86_64_21.0.9.v20251105-0741\jre\bin\vcruntime140_1.dll
0x00007ffd497b0000 - 0x00007ffd4983d000 	C:\Program Files\eclipse-java-2025-12-R-win32-x86_64\eclipse\plugins\org.eclipse.justj.openjdk.hotspot.jre.full.win32.x86_64_21.0.9.v20251105-0741\jre\bin\msvcp140.dll
0x00007ffce41e0000 - 0x00007ffce4f80000 	C:\Program Files\eclipse-java-2025-12-R-win32-x86_64\eclipse\plugins\org.eclipse.justj.openjdk.hotspot.jre.full.win32.x86_64_21.0.9.v20251105-0741\jre\bin\server\jvm.dll
0x00007ffdb2000000 - 0x00007ffdb20b6000 	C:\WINDOWS\System32\ADVAPI32.dll
0x00007ffdb20c0000 - 0x00007ffdb2167000 	C:\WINDOWS\System32\sechost.dll
0x00007ffdb2d60000 - 0x00007ffdb2e78000 	C:\WINDOWS\System32\RPCRT4.dll
0x00007ffdb1db0000 - 0x00007ffdb1e30000 	C:\WINDOWS\System32\WS2_32.dll
0x00007ffdafcf0000 - 0x00007ffdafd4e000 	C:\WINDOWS\SYSTEM32\POWRPROF.dll
0x00007ffda96e0000 - 0x00007ffda9716000 	C:\WINDOWS\SYSTEM32\WINMM.dll
0x00007ffda7400000 - 0x00007ffda740b000 	C:\WINDOWS\SYSTEM32\VERSION.dll
0x00007ffdafcd0000 - 0x00007ffdafce4000 	C:\WINDOWS\SYSTEM32\UMPDC.dll
0x00007ffdaec20000 - 0x00007ffdaec3b000 	C:\WINDOWS\SYSTEM32\kernel.appcore.dll
0x00007ffdad5e0000 - 0x00007ffdad5ea000 	C:\Program Files\eclipse-java-2025-12-R-win32-x86_64\eclipse\plugins\org.eclipse.justj.openjdk.hotspot.jre.full.win32.x86_64_21.0.9.v20251105-0741\jre\bin\jimage.dll
0x00007ffda3460000 - 0x00007ffda36a2000 	C:\WINDOWS\SYSTEM32\DBGHELP.DLL
0x00007ffdb3090000 - 0x00007ffdb3413000 	C:\WINDOWS\System32\combase.dll
0x00007ffdb21e0000 - 0x00007ffdb22b9000 	C:\WINDOWS\System32\OLEAUT32.dll
0x00007ffd7a430000 - 0x00007ffd7a46b000 	C:\WINDOWS\SYSTEM32\dbgcore.DLL
0x00007ffdb0df0000 - 0x00007ffdb0e98000 	C:\WINDOWS\System32\bcryptPrimitives.dll
0x00007ffd8acf0000 - 0x00007ffd8ad2c000 	C:\Program Files\eclipse-java-2025-12-R-win32-x86_64\eclipse\plugins\org.eclipse.justj.openjdk.hotspot.jre.full.win32.x86_64_21.0.9.v20251105-0741\jre\bin\jdwp.dll
0x00007ffd95d60000 - 0x00007ffd95d6f000 	C:\Program Files\eclipse-java-2025-12-R-win32-x86_64\eclipse\plugins\org.eclipse.justj.openjdk.hotspot.jre.full.win32.x86_64_21.0.9.v20251105-0741\jre\bin\instrument.dll
0x00007ffdaa330000 - 0x00007ffdaa350000 	C:\Program Files\eclipse-java-2025-12-R-win32-x86_64\eclipse\plugins\org.eclipse.justj.openjdk.hotspot.jre.full.win32.x86_64_21.0.9.v20251105-0741\jre\bin\java.dll

JVMTI agents:
jdwp path:none, loaded, not initialized, options:transport=dt_socket,suspend=y,address=localhost:60170
C:\Program Files\eclipse-java-2025-12-R-win32-x86_64\eclipse\configuration\org.eclipse.osgi\258\0\.cp\lib\javaagent-shaded.jar path:none, loaded, not initialized, instrumentlib options:none

dbghelp: loaded successfully - version: 4.0.5 - missing functions: none
symbol engine: initialized successfully - sym options: 0x614 - pdb path: .;C:\Program Files\eclipse-java-2025-12-R-win32-x86_64\eclipse\plugins\org.eclipse.justj.openjdk.hotspot.jre.full.win32.x86_64_21.0.9.v20251105-0741\jre\bin;C:\WINDOWS\SYSTEM32;C:\Program Files\Bitdefender\Bitdefender Security\bdhkm\dlls_268331759110883735;C:\Program Files\Bitdefender\Bitdefender Security\atcuf\dlls_268331759015134176;C:\WINDOWS\WinSxS\amd64_microsoft.windows.common-controls_6595b64144ccf1df_6.0.26100.8457_none_3e0b2faee331e92d;C:\Program Files\eclipse-java-2025-12-R-win32-x86_64\eclipse\plugins\org.eclipse.justj.openjdk.hotspot.jre.full.win32.x86_64_21.0.9.v20251105-0741\jre\bin\server

VM Arguments:
jvm_args: -XX:+ShowCodeDetailsInExceptionMessages -agentlib:jdwp=transport=dt_socket,suspend=y,address=localhost:60170 -javaagent:C:\Program Files\eclipse-java-2025-12-R-win32-x86_64\eclipse\configuration\org.eclipse.osgi\258\0\.cp\lib\javaagent-shaded.jar -Dfile.encoding=UTF-8 -Dstdout.encoding=UTF-8 -Dstderr.encoding=UTF-8 --module-path=C:\Users\WILLIAM MONZON\OneDrive\Desktop\Proyecto Progra 1\Biblioteca2\bin -Djdk.module.main=Biblioteca2 
java_command: Biblioteca2/main.Main
java_class_path (initial): <not set>
Launcher Type: SUN_STANDARD

[Global flags]
     intx CICompilerCount                          = 4                                         {product} {ergonomic}
     uint ConcGCThreads                            = 3                                         {product} {ergonomic}
     uint G1ConcRefinementThreads                  = 10                                        {product} {ergonomic}
   size_t G1HeapRegionSize                         = 1048576                                   {product} {ergonomic}
    uintx GCDrainStackTargetSize                   = 64                                        {product} {ergonomic}
   size_t InitialHeapSize                          = 123731968                                 {product} {ergonomic}
   size_t MarkStackSize                            = 4194304                                   {product} {ergonomic}
   size_t MaxHeapSize                              = 1950351360                                {product} {ergonomic}
   size_t MinHeapDeltaBytes                        = 1048576                                   {product} {ergonomic}
   size_t MinHeapSize                              = 8388608                                   {product} {ergonomic}
    uintx NonNMethodCodeHeapSize                   = 5839372                                {pd product} {ergonomic}
    uintx NonProfiledCodeHeapSize                  = 122909434                              {pd product} {ergonomic}
    uintx ProfiledCodeHeapSize                     = 122909434                              {pd product} {ergonomic}
    uintx ReservedCodeCacheSize                    = 251658240                              {pd product} {ergonomic}
     bool SegmentedCodeCache                       = true                                      {product} {ergonomic}
     bool ShowCodeDetailsInExceptionMessages       = true                                   {manageable} {command line}
   size_t SoftMaxHeapSize                          = 1950351360                             {manageable} {ergonomic}
     bool UseCompressedOops                        = true                           {product lp64_product} {ergonomic}
     bool UseG1GC                                  = true                                      {product} {ergonomic}
     bool UseLargePagesIndividualAllocation        = false                                  {pd product} {ergonomic}

Logging:
Log output configuration:
 #0: stdout all=warning uptime,level,tags foldmultilines=false
 #1: stderr all=off uptime,level,tags foldmultilines=false

Release file:
<release file has not been read>
Environment Variables:
JAVA_HOME=C:\Program Files\Eclipse Adoptium\jdk-11.0.30.7-hotspot
PATH=C:\Program Files\eclipse-java-2025-12-R-win32-x86_64\eclipse\plugins\org.eclipse.justj.openjdk.hotspot.jre.full.win32.x86_64_21.0.9.v20251105-0741\jre\bin;C:/Program Files/eclipse-java-2025-12-R-win32-x86_64/eclipse//plugins/org.eclipse.justj.openjdk.hotspot.jre.full.win32.x86_64_21.0.9.v20251105-0741/jre/bin/server;C:/Program Files/eclipse-java-2025-12-R-win32-x86_64/eclipse//plugins/org.eclipse.justj.openjdk.hotspot.jre.full.win32.x86_64_21.0.9.v20251105-0741/jre/bin;C:\Program Files\Eclipse Adoptium\jdk-11.0.30.7-hotspot\\bin;C:\Program Files\Eclipse Adoptium\jdk-11.0.30.7-hotspot\bin;C:\Program Files\Eclipse Adoptium\jdk-8.0.482.8-hotspot\bin;C:\Program Files (x86)\Common Files\Oracle\Java\java8path;C:\Program Files (x86)\Common Files\Oracle\Java\javapath;C:\windows\system32;C:\windows;C:\windows\System32\Wbem;C:\windows\System32\WindowsPowerShell\v1.0\;C:\windows\System32\OpenSSH\;C:\Program Files (x86)\NVIDIA Corporation\PhysX\Common;C:\Users\Administrator\AppData\Local\Microsoft\WindowsApps;C:\Program Files\HP\OMEN-Broadcast\Common;C:\Program Files\NVIDIA Corporation\NVIDIA app\NvDLISR;C:\FPC\3.2.2\bin\i386-Win32;C:\WINDOWS\system32;C:\WINDOWS;C:\WINDOWS\System32\Wbem;C:\WINDOWS\System32\WindowsPowerShell\v1.0\;C:\WINDOWS\System32\OpenSSH\;C:\Users\WILLIAM MONZON\Graphviz\bin;C:\Users\WILLIAM MONZON\OneDrive\Desktop\Graphviz\bin;C:\Program Files\Git\cmd;C:\Users\WILLIAM MONZON\AppData\Local\Programs\Python\Python314\Scripts\;C:\Users\WILLIAM MONZON\AppData\Local\Programs\Python\Python314\;C:\Users\WILLIAM MONZON\AppData\Local\Programs\Python\Launcher\;C:\Users\WILLIAM MONZON\AppData\Local\Microsoft\WindowsApps;C:\Users\WILLIAM MONZON\AppData\Local\Programs\Microsoft VS Code\bin;C:\Users\WILLIAM MONZON\AppData\Local\gitkraken\bin;C:\Program Files\eclipse-java-2025-12-R-win32-x86_64\eclipse;
USERNAME=WILLIAM MONZON
OS=Windows_NT
PROCESSOR_IDENTIFIER=AMD64 Family 25 Model 117 Stepping 2, AuthenticAMD
TMP=C:\Users\WILLIA~1\AppData\Local\Temp
TEMP=C:\Users\WILLIA~1\AppData\Local\Temp




Periodic native trim disabled

---------------  S Y S T E M  ---------------

OS:
 Windows 11 , 64 bit Build 26100 (10.0.26100.8328)
OS uptime: 2 days 21:21 hours
Hyper-V role detected

CPU: total 12 (initial active 12) (12 cores per cpu, 2 threads per core) family 25 model 117 stepping 2 microcode 0xa70520a, cx8, cmov, fxsr, ht, mmx, 3dnowpref, sse, sse2, sse3, ssse3, sse4a, sse4.1, sse4.2, popcnt, lzcnt, tsc, tscinvbit, avx, avx2, aes, erms, clmul, bmi1, bmi2, adx, avx512f, avx512dq, avx512cd, avx512bw, avx512vl, sha, fma, vzeroupper, avx512_vpopcntdq, avx512_vpclmulqdq, avx512_vaes, avx512_vnni, clflush, clflushopt, avx512_vbmi2, avx512_vbmi, hv, rdtscp, rdpid, fsrm, gfni, avx512_bitalg, f16c, cet_ss, avx512_ifma
Processor Information for the first 12 processors :
  Max Mhz: 4301, Current Mhz: 2483, Mhz Limit: 4301

Memory: 4k page, system-wide physical 7439M (437M free)
TotalPageFile size 29967M (AvailPageFile size 92M)
current process WorkingSet (physical memory assigned to process): 16M, peak: 16M
current process commit charge ("private bytes"): 67M, peak: 185M

vm_info: OpenJDK 64-Bit Server VM (21.0.9+10-LTS) for windows-amd64 JRE (21.0.9+10-LTS), built on 2025-10-21T00:00:00Z by "admin" with unknown MS VC++:1942

END.
